<?xml version="1.0" encoding="UTF-8"?>
<robot generator="Robot 7.1.1 (Python 3.12.5 on win32)" generated="2024-11-27T03:36:40.119291" rpa="false" schemaversion="5">
<suite id="s1" name="Project-SE" source="C:\Users\jirak\Documents\Proj.SE\Project-SE">
<suite id="s1-s1" name="Src" source="C:\Users\jirak\Documents\Proj.SE\Project-SE\src">
<suite id="s1-s1-s1" name="Test" source="C:\Users\jirak\Documents\Proj.SE\Project-SE\src\Test">
<suite id="s1-s1-s1-s1" name="Test" source="C:\Users\jirak\Documents\Proj.SE\Project-SE\src\Test\test.robot">
<test id="s1-s1-s1-s1-t1" name="Register" line="17">
<kw name="Open Browser" owner="SeleniumLibrary">
<msg time="2024-11-27T03:36:40.360991" level="INFO">Opening browser 'edge' to base url 'http://localhost:3000/'.</msg>
<arg>${BASE_URL}</arg>
<arg>edge</arg>
<doc>Opens a new browser instance to the optional ``url``.</doc>
<status status="PASS" start="2024-11-27T03:36:40.359989" elapsed="3.487722"/>
</kw>
<kw name="Click Element" owner="SeleniumLibrary">
<msg time="2024-11-27T03:36:43.849128" level="INFO">Clicking element '//*[@id="root"]/div/div/div/div[2]/div/form/div[5]/div/button'.</msg>
<arg>//*[@id="root"]/div/div/div/div[2]/div/form/div[5]/div/button</arg>
<doc>Click the element identified by ``locator``.</doc>
<status status="PASS" start="2024-11-27T03:36:43.849128" elapsed="0.063886"/>
</kw>
<kw name="Input Text" owner="SeleniumLibrary">
<msg time="2024-11-27T03:36:43.913014" level="INFO">Typing text 'Ratiya' into text field '//*[@id="Firstname"]'.</msg>
<arg>//*[@id="Firstname"]</arg>
<arg>Ratiya</arg>
<doc>Types the given ``text`` into the text field identified by ``locator``.</doc>
<status status="PASS" start="2024-11-27T03:36:43.913014" elapsed="0.084708"/>
</kw>
<kw name="Input Text" owner="SeleniumLibrary">
<msg time="2024-11-27T03:36:43.998793" level="INFO">Typing text 'Phatitin' into text field '//*[@id="Lastname"]'.</msg>
<arg>//*[@id="Lastname"]</arg>
<arg>Phatitin</arg>
<doc>Types the given ``text`` into the text field identified by ``locator``.</doc>
<status status="PASS" start="2024-11-27T03:36:43.997722" elapsed="0.083133"/>
</kw>
<kw name="Input Text" owner="SeleniumLibrary">
<msg time="2024-11-27T03:36:44.080855" level="INFO">Typing text 'RatiyaPhatitin' into text field '//*[@id="username"]'.</msg>
<arg>//*[@id="username"]</arg>
<arg>RatiyaPhatitin</arg>
<doc>Types the given ``text`` into the text field identified by ``locator``.</doc>
<status status="PASS" start="2024-11-27T03:36:44.080855" elapsed="0.077792"/>
</kw>
<kw name="Input Text" owner="SeleniumLibrary">
<msg time="2024-11-27T03:36:44.158647" level="INFO">Typing text '0643160042' into text field '//*[@id="phone"]'.</msg>
<arg>//*[@id="phone"]</arg>
<arg>0643160042</arg>
<doc>Types the given ``text`` into the text field identified by ``locator``.</doc>
<status status="PASS" start="2024-11-27T03:36:44.158647" elapsed="0.100215"/>
</kw>
<kw name="Input Text" owner="SeleniumLibrary">
<msg time="2024-11-27T03:36:44.259900" level="INFO">Typing text 'ratiyaphatitin@gmail.com' into text field '//*[@id="email"]'.</msg>
<arg>//*[@id="email"]</arg>
<arg>ratiyaphatitin@gmail.com</arg>
<doc>Types the given ``text`` into the text field identified by ``locator``.</doc>
<status status="PASS" start="2024-11-27T03:36:44.259900" elapsed="0.094264"/>
</kw>
<kw name="Input Text" owner="SeleniumLibrary">
<msg time="2024-11-27T03:36:44.355724" level="INFO">Typing text 'Ratiya19!' into text field '//*[@id="password"]'.</msg>
<arg>//*[@id="password"]</arg>
<arg>Ratiya19!</arg>
<doc>Types the given ``text`` into the text field identified by ``locator``.</doc>
<status status="PASS" start="2024-11-27T03:36:44.354164" elapsed="0.069295"/>
</kw>
<kw name="Input Text" owner="SeleniumLibrary">
<msg time="2024-11-27T03:36:44.424462" level="INFO">Typing text 'Ratiya19!' into text field '//*[@id="confirm-password"]'.</msg>
<arg>//*[@id="confirm-password"]</arg>
<arg>Ratiya19!</arg>
<doc>Types the given ``text`` into the text field identified by ``locator``.</doc>
<status status="PASS" start="2024-11-27T03:36:44.423459" elapsed="0.068750"/>
</kw>
<kw name="Click Element" owner="SeleniumLibrary">
<msg time="2024-11-27T03:36:44.493219" level="INFO">Clicking element '//*[@id="root"]/div/div/div/div[2]/div/form/div[7]/button'.</msg>
<arg>//*[@id="root"]/div/div/div/div[2]/div/form/div[7]/button</arg>
<doc>Click the element identified by ``locator``.</doc>
<status status="PASS" start="2024-11-27T03:36:44.492209" elapsed="0.156685"/>
</kw>
<status status="PASS" start="2024-11-27T03:36:40.358986" elapsed="4.289908"/>
</test>
<status status="PASS" start="2024-11-27T03:36:40.148657" elapsed="4.501294"/>
</suite>
<status status="PASS" start="2024-11-27T03:36:40.146644" elapsed="4.504559"/>
</suite>
<status status="PASS" start="2024-11-27T03:36:40.145137" elapsed="4.507072"/>
</suite>
<status status="PASS" start="2024-11-27T03:36:40.126503" elapsed="4.526713"/>
</suite>
<statistics>
<total>
<stat pass="1" fail="0" skip="0">All Tests</stat>
</total>
<tag>
</tag>
<suite>
<stat pass="1" fail="0" skip="0" id="s1" name="Project-SE">Project-SE</stat>
<stat pass="1" fail="0" skip="0" id="s1-s1" name="Src">Project-SE.Src</stat>
<stat pass="1" fail="0" skip="0" id="s1-s1-s1" name="Test">Project-SE.Src.Test</stat>
<stat pass="1" fail="0" skip="0" id="s1-s1-s1-s1" name="Test">Project-SE.Src.Test.Test</stat>
</suite>
</statistics>
<errors>
</errors>
</robot>
